

Microchip Technology PIC18 LITE Macro Assembler V1.41 build -162212810 
                                                                                               Mon Jun 03 10:52:36 2019

Microchip Technology Omniscient Code Generator v1.41 (Free mode) build 201701250102
     1                           	processor	18F4520
     2                           	fnconf	rparam,??,?,0
     3                           	opt	pw 120
     4                           	opt	lm
     5                           	psect	nvCOMRAM,global,class=COMRAM,space=1,delta=1,noexec
     6                           	psect	cinit,global,reloc=2,class=CODE,delta=1
     7                           	psect	cstackCOMRAM,global,class=COMRAM,space=1,delta=1,noexec
     8                           	psect	text0,global,reloc=2,class=CODE,delta=1
     9                           	psect	intcode,global,reloc=2,class=CODE,delta=1
    10                           	psect	intcode_body,global,reloc=2,class=CODE,delta=1
    11                           	psect	intsave_regs,global,class=BIGRAM,space=1,delta=1,noexec
    12                           	psect	rparam,global,class=COMRAM,space=1,delta=1,noexec
    13                           	psect	temp,global,ovrld,common,class=COMRAM,space=1,delta=1
    14  0000                     
    15                           ; Version 1.41
    16                           ; Generated 25/01/2017 GMT
    17                           ; 
    18                           ; Copyright © 2017, Microchip Technology Inc. and its subsidiaries ("Microchip")
    19                           ; All rights reserved.
    20                           ; 
    21                           ; This software is developed by Microchip Technology Inc. and its subsidiaries ("Microch
      +                          ip").
    22                           ; 
    23                           ; Redistribution and use in source and binary forms, with or without modification, are
    24                           ; permitted provided that the following conditions are met:
    25                           ; 
    26                           ;     1. Redistributions of source code must retain the above copyright notice, this lis
      +                          t of
    27                           ;        conditions and the following disclaimer.
    28                           ; 
    29                           ;     2. Redistributions in binary form must reproduce the above copyright notice, this 
      +                          list
    30                           ;        of conditions and the following disclaimer in the documentation and/or other
    31                           ;        materials provided with the distribution.
    32                           ; 
    33                           ;     3. Microchip's name may not be used to endorse or promote products derived from th
      +                          is
    34                           ;        software without specific prior written permission.
    35                           ; 
    36                           ; THIS SOFTWARE IS PROVIDED BY MICROCHIP "AS IS" AND ANY EXPRESS OR IMPLIED WARRANTIES,
    37                           ; INCLUDING, BUT NOT LIMITED TO, THE IMPLIED WARRANTIES OF MERCHANTABILITY AND FITNESS F
      +                          OR
    38                           ; PURPOSE ARE DISCLAIMED.  IN NO EVENT SHALL MICROCHIP BE LIABLE FOR ANY DIRECT, INDIREC
      +                          T,
    39                           ; INCIDENTAL, SPECIAL, EXEMPLARY, OR CONSEQUENTIAL DAMAGES (INCLUDING BUT NOT LIMITED TO
    40                           ; PROCUREMENT OF SUBSTITUTE GOODS OR SERVICES; LOSS OF USE, DATA OR PROFITS; OR BUSINESS
    41                           ; INTERRUPTION) HOWSOEVER CAUSED AND ON ANY THEORY OF LIABILITY, WHETHER IN CONTRACT, ST
      +                          RICT
    42                           ; LIABILITY, OR TORT (INCLUDING NEGLIGENCE OR OTHERWISE) ARISING IN ANY WAY OUT OF THE U
      +                          SE OF
    43                           ; THIS SOFTWARE, EVEN IF ADVISED OF THE POSSIBILITY OF SUCH DAMAGE.
    44                           ; 
    45                           ; 
    46                           ; Code-generator required, PIC18F4520 Definitions
    47                           ; 
    48                           ; SFR Addresses
    49  0000                     
    50                           	psect	nvCOMRAM
    51  000011                     __pnvCOMRAM:
    52                           	opt stack 0
    53  000011                     _aux:
    54                           	opt stack 0
    55  000011                     	ds	2
    56  000013                     _d4:
    57                           	opt stack 0
    58  000013                     	ds	2
    59  000015                     _d3:
    60                           	opt stack 0
    61  000015                     	ds	2
    62  000017                     _d2:
    63                           	opt stack 0
    64  000017                     	ds	2
    65  000019                     _d1:
    66                           	opt stack 0
    67  000019                     	ds	2
    68  0000                     _LATAbits	set	3977
    69  0000                     _T0CONbits	set	4053
    70  0000                     _T0CON	set	4053
    71  0000                     _ADCON1	set	4033
    72  0000                     _OSCCON	set	4051
    73  0000                     _TRISA	set	3986
    74  0000                     _TRISD	set	3989
    75  0000                     _LATD	set	3980
    76  0000                     _LATA	set	3977
    77  0000                     _INTCONbits	set	4082
    78                           
    79                           ; #config settings
    80  0000                     
    81                           	psect	cinit
    82  000164                     __pcinit:
    83                           	opt stack 0
    84  000164                     start_initialization:
    85                           	opt stack 0
    86  000164                     __initialization:
    87                           	opt stack 0
    88  000164                     end_of_initialization:
    89                           	opt stack 0
    90  000164                     __end_of__initialization:
    91                           	opt stack 0
    92  000164  901B               	bcf	int$flags,0,c	;clear compiler interrupt flag (level 1)
    93  000166  921B               	bcf	int$flags,1,c	;clear compiler interrupt flag (level 2)
    94  000168  0E00               	movlw	low (__Lmediumconst shr (0+16))
    95  00016A  6EF8               	movwf	tblptru,c
    96  00016C  0100               	movlb	0
    97  00016E  EF6F  F000         	goto	_main	;jump to C main() function
    98                           tblptru	equ	0xFF8
    99                           
   100                           	psect	cstackCOMRAM
   101  000001                     __pcstackCOMRAM:
   102                           	opt stack 0
   103  000001                     ??_isr:
   104  000001                     
   105                           ; 2 bytes @ 0x0
   106  000001                     	ds	14
   107  00000F                     ??_main:
   108                           
   109                           ; 1 bytes @ 0xE
   110  00000F                     	ds	2
   111                           tblptru	equ	0xFF8
   112                           
   113 ;;
   114 ;;Main: autosize = 0, tempsize = 2, incstack = 0, save=0
   115 ;;
   116 ;; *************** function _main *****************
   117 ;; Defined at:
   118 ;;		line 65 in file "interrdisp.c"
   119 ;; Parameters:    Size  Location     Type
   120 ;;		None
   121 ;; Auto vars:     Size  Location     Type
   122 ;;		None
   123 ;; Return value:  Size  Location     Type
   124 ;;                  2   44[None  ] int 
   125 ;; Registers used:
   126 ;;		wreg, status,2
   127 ;; Tracked objects:
   128 ;;		On entry : 0/0
   129 ;;		On exit  : 0/0
   130 ;;		Unchanged: 0/0
   131 ;; Data sizes:     COMRAM   BANK0   BANK1   BANK2   BANK3   BANK4   BANK5
   132 ;;      Params:         0       0       0       0       0       0       0
   133 ;;      Locals:         0       0       0       0       0       0       0
   134 ;;      Temps:          2       0       0       0       0       0       0
   135 ;;      Totals:         2       0       0       0       0       0       0
   136 ;;Total ram usage:        2 bytes
   137 ;; Hardware stack levels required when called:    1
   138 ;; This function calls:
   139 ;;		Nothing
   140 ;; This function is called by:
   141 ;;		Startup code after reset
   142 ;; This function uses a non-reentrant model
   143 ;;
   144                           
   145                           	psect	text0
   146  0000DE                     __ptext0:
   147                           	opt stack 0
   148  0000DE                     _main:
   149                           	opt stack 30
   150                           
   151                           ;interrdisp.c: 67: TRISD = 0;
   152                           
   153                           ;incstack = 0
   154  0000DE  0E00               	movlw	0
   155  0000E0  6E95               	movwf	3989,c	;volatile
   156                           
   157                           ;interrdisp.c: 68: LATD = 0;
   158  0000E2  0E00               	movlw	0
   159  0000E4  6E8C               	movwf	3980,c	;volatile
   160                           
   161                           ;interrdisp.c: 69: TRISA = 0xC3;
   162  0000E6  0EC3               	movlw	195
   163  0000E8  6E92               	movwf	3986,c	;volatile
   164                           
   165                           ;interrdisp.c: 70: LATA = 0xC3;
   166  0000EA  0EC3               	movlw	195
   167  0000EC  6E89               	movwf	3977,c	;volatile
   168                           
   169                           ;interrdisp.c: 71: OSCCON = 0x78;
   170  0000EE  0E78               	movlw	120
   171  0000F0  6ED3               	movwf	4051,c	;volatile
   172                           
   173                           ;interrdisp.c: 72: ADCON1 = 0x0F;
   174  0000F2  0E0F               	movlw	15
   175  0000F4  6EC1               	movwf	4033,c	;volatile
   176                           
   177                           ;interrdisp.c: 73: T0CON = 0x45;
   178  0000F6  0E45               	movlw	69
   179  0000F8  6ED5               	movwf	4053,c	;volatile
   180                           
   181                           ;interrdisp.c: 74: INTCONbits.T0IF = 0;
   182  0000FA  94F2               	bcf	intcon,2,c	;volatile
   183                           
   184                           ;interrdisp.c: 75: INTCONbits.T0IE = 1;
   185  0000FC  8AF2               	bsf	intcon,5,c	;volatile
   186                           
   187                           ;interrdisp.c: 76: INTCONbits.GIE = 1;
   188  0000FE  8EF2               	bsf	intcon,7,c	;volatile
   189                           
   190                           ;interrdisp.c: 77: T0CONbits.TMR0ON = 1;
   191  000100  8ED5               	bsf	4053,7,c	;volatile
   192                           
   193                           ;interrdisp.c: 78: LATAbits.LA5 = 1;
   194  000102  8A89               	bsf	3977,5,c	;volatile
   195                           
   196                           ;interrdisp.c: 80: d1 = 0x06;
   197  000104  0E00               	movlw	0
   198  000106  6E1A               	movwf	_d1+1,c
   199  000108  0E06               	movlw	6
   200  00010A  6E19               	movwf	_d1,c
   201                           
   202                           ;interrdisp.c: 81: d2 = 0x5B;
   203  00010C  0E00               	movlw	0
   204  00010E  6E18               	movwf	_d2+1,c
   205  000110  0E5B               	movlw	91
   206  000112  6E17               	movwf	_d2,c
   207                           
   208                           ;interrdisp.c: 82: d3 = 0x4F;
   209  000114  0E00               	movlw	0
   210  000116  6E16               	movwf	_d3+1,c
   211  000118  0E4F               	movlw	79
   212  00011A  6E15               	movwf	_d3,c
   213                           
   214                           ;interrdisp.c: 83: d4 = 0x66;
   215  00011C  0E00               	movlw	0
   216  00011E  6E14               	movwf	_d4+1,c
   217  000120  0E66               	movlw	102
   218  000122  6E13               	movwf	_d4,c
   219  000124                     l684:
   220                           
   221                           ;interrdisp.c: 86: {
   222                           ;interrdisp.c: 87: aux = d1;
   223  000124  C019  F011         	movff	_d1,_aux
   224  000128  C01A  F012         	movff	_d1+1,_aux+1
   225                           
   226                           ;interrdisp.c: 88: d1 = d2;
   227  00012C  C017  F019         	movff	_d2,_d1
   228  000130  C018  F01A         	movff	_d2+1,_d1+1
   229                           
   230                           ;interrdisp.c: 89: d2 = d3;
   231  000134  C015  F017         	movff	_d3,_d2
   232  000138  C016  F018         	movff	_d3+1,_d2+1
   233                           
   234                           ;interrdisp.c: 90: d3 = d4;
   235  00013C  C013  F015         	movff	_d4,_d3
   236  000140  C014  F016         	movff	_d4+1,_d3+1
   237                           
   238                           ;interrdisp.c: 91: d4 = aux;
   239  000144  C011  F013         	movff	_aux,_d4
   240  000148  C012  F014         	movff	_aux+1,_d4+1
   241                           
   242                           ;interrdisp.c: 92: _delay((unsigned long)((1000)*(8000000/4000.0)));
   243  00014C  0E0B               	movlw	11
   244  00014E  6E10               	movwf	(??_main+1)& (0+255),c
   245  000150  0E26               	movlw	38
   246  000152  6E0F               	movwf	??_main& (0+255),c
   247  000154  0E5E               	movlw	94
   248  000156                     u37:
   249  000156  2EE8               	decfsz	wreg,f,c
   250  000158  D7FE               	bra	u37
   251  00015A  2E0F               	decfsz	??_main& (0+255),f,c
   252  00015C  D7FC               	bra	u37
   253  00015E  2E10               	decfsz	(??_main+1)& (0+255),f,c
   254  000160  D7FA               	bra	u37
   255  000162  D7E0               	goto	l684
   256  000164                     __end_of_main:
   257                           	opt stack 0
   258                           tblptru	equ	0xFF8
   259                           intcon	equ	0xFF2
   260                           wreg	equ	0xFE8
   261                           
   262 ;; *************** function _isr *****************
   263 ;; Defined at:
   264 ;;		line 31 in file "interrdisp.c"
   265 ;; Parameters:    Size  Location     Type
   266 ;;		None
   267 ;; Auto vars:     Size  Location     Type
   268 ;;		None
   269 ;; Return value:  Size  Location     Type
   270 ;;                  1    wreg      void 
   271 ;; Registers used:
   272 ;;		wreg, status,2, status,0
   273 ;; Tracked objects:
   274 ;;		On entry : 0/0
   275 ;;		On exit  : 0/0
   276 ;;		Unchanged: 0/0
   277 ;; Data sizes:     COMRAM   BANK0   BANK1   BANK2   BANK3   BANK4   BANK5
   278 ;;      Params:         0       0       0       0       0       0       0
   279 ;;      Locals:         0       0       0       0       0       0       0
   280 ;;      Temps:         14       0       0       0       0       0       0
   281 ;;      Totals:        14       0       0       0       0       0       0
   282 ;;Total ram usage:       14 bytes
   283 ;; Hardware stack levels used:    1
   284 ;; This function calls:
   285 ;;		Nothing
   286 ;; This function is called by:
   287 ;;		Interrupt level 2
   288 ;; This function uses a non-reentrant model
   289 ;;
   290                           
   291                           	psect	intcode
   292  000008                     __pintcode:
   293                           	opt stack 0
   294  000008                     _isr:
   295                           	opt stack 30
   296                           
   297                           ;incstack = 0
   298  000008  821B               	bsf	btemp,1,c	;set compiler interrupt flag (level 2)
   299  00000A  ED09  F000         	call	int_func,f	;refresh shadow registers
   300                           tblptru	equ	0xFF8
   301                           intcon	equ	0xFF2
   302                           wreg	equ	0xFE8
   303                           
   304                           	psect	intcode_body
   305  000012                     __pintcode_body:
   306                           	opt stack 30
   307  000012                     int_func:
   308                           	opt stack 30
   309  000012  0006               	pop		; remove dummy address from shadow register refresh
   310  000014  CFFA F001          	movff	pclath,??_isr
   311  000018  CFFB F002          	movff	pclatu,??_isr+1
   312  00001C  CFE9 F003          	movff	fsr0l,??_isr+2
   313  000020  CFEA F004          	movff	fsr0h,??_isr+3
   314  000024  CFE1 F005          	movff	fsr1l,??_isr+4
   315  000028  CFE2 F006          	movff	fsr1h,??_isr+5
   316  00002C  CFD9 F007          	movff	fsr2l,??_isr+6
   317  000030  CFDA F008          	movff	fsr2h,??_isr+7
   318  000034  CFF3 F009          	movff	prodl,??_isr+8
   319  000038  CFF4 F00A          	movff	prodh,??_isr+9
   320  00003C  CFF6 F00B          	movff	tblptrl,??_isr+10
   321  000040  CFF7 F00C          	movff	tblptrh,??_isr+11
   322  000044  CFF8 F00D          	movff	tblptru,??_isr+12
   323  000048  CFF5 F00E          	movff	tablat,??_isr+13
   324                           
   325                           ;interrdisp.c: 33: if(INTCONbits.T0IE && INTCONbits.T0IF)
   326  00004C  BAF2               	btfsc	intcon,5,c	;volatile
   327  00004E  A4F2               	btfss	intcon,2,c	;volatile
   328  000050  D028               	goto	i2l42
   329                           
   330                           ;interrdisp.c: 34: {
   331                           ;interrdisp.c: 35: INTCONbits.T0IF = 0;
   332  000052  94F2               	bcf	intcon,2,c	;volatile
   333                           
   334                           ;interrdisp.c: 36: switch (LATA)
   335  000054  D019               	goto	i2l670
   336  000056                     i2l652:
   337                           
   338                           ;interrdisp.c: 39: LATA = 0xC3;
   339  000056  0EC3               	movlw	195
   340  000058  6E89               	movwf	3977,c	;volatile
   341                           
   342                           ;interrdisp.c: 40: LATD = d2;
   343  00005A  C017  FF8C         	movff	_d2,3980	;volatile
   344                           
   345                           ;interrdisp.c: 41: LATA = 0xCB;
   346  00005E  0ECB               	movlw	203
   347  000060  D011               	goto	L3
   348  000062                     i2l656:
   349                           
   350                           ;interrdisp.c: 45: LATA = 0xC3;
   351  000062  0EC3               	movlw	195
   352  000064  6E89               	movwf	3977,c	;volatile
   353                           
   354                           ;interrdisp.c: 46: LATD = d3;
   355  000066  C015  FF8C         	movff	_d3,3980	;volatile
   356                           
   357                           ;interrdisp.c: 47: LATA = 0xD3;
   358  00006A  0ED3               	movlw	211
   359  00006C  D00B               	goto	L3
   360  00006E                     i2l660:
   361                           
   362                           ;interrdisp.c: 51: LATA = 0xC3;
   363  00006E  0EC3               	movlw	195
   364  000070  6E89               	movwf	3977,c	;volatile
   365                           
   366                           ;interrdisp.c: 52: LATD = d4;
   367  000072  C013  FF8C         	movff	_d4,3980	;volatile
   368                           
   369                           ;interrdisp.c: 53: LATA = 0xE3;
   370  000076  0EE3               	movlw	227
   371  000078  D005               	goto	L3
   372  00007A                     i2l664:
   373                           
   374                           ;interrdisp.c: 57: LATA = 0xC3;
   375  00007A  0EC3               	movlw	195
   376  00007C  6E89               	movwf	3977,c	;volatile
   377                           
   378                           ;interrdisp.c: 58: LATD = d1;
   379  00007E  C019  FF8C         	movff	_d1,3980	;volatile
   380                           
   381                           ;interrdisp.c: 59: LATA = 0xC7;
   382  000082  0EC7               	movlw	199
   383  000084                     L3:
   384  000084  6E89               	movwf	3977,c	;volatile
   385                           
   386                           ;interrdisp.c: 61: }
   387                           
   388                           ;interrdisp.c: 60: break;
   389  000086  D00D               	goto	i2l42
   390  000088                     i2l670:
   391  000088  5089               	movf	3977,w,c	;volatile
   392                           
   393                           ; Switch size 1, requested type "space"
   394                           ; Number of cases is 4, Range of values is 199 to 227
   395                           ; switch strategies available:
   396                           ; Name         Instructions Cycles
   397                           ; simple_byte           13     7 (average)
   398                           ;	Chosen strategy is simple_byte
   399  00008A  0AC7               	xorlw	199	; case 199
   400  00008C  B4D8               	btfsc	status,2,c
   401  00008E  D7E3               	goto	i2l652
   402  000090  0A0C               	xorlw	12	; case 203
   403  000092  B4D8               	btfsc	status,2,c
   404  000094  D7E6               	goto	i2l656
   405  000096  0A18               	xorlw	24	; case 211
   406  000098  B4D8               	btfsc	status,2,c
   407  00009A  D7E9               	goto	i2l660
   408  00009C  0A30               	xorlw	48	; case 227
   409  00009E  B4D8               	btfsc	status,2,c
   410  0000A0  D7EC               	goto	i2l664
   411  0000A2                     i2l42:
   412  0000A2  C00E  FFF5         	movff	??_isr+13,tablat
   413  0000A6  C00D  FFF8         	movff	??_isr+12,tblptru
   414  0000AA  C00C  FFF7         	movff	??_isr+11,tblptrh
   415  0000AE  C00B  FFF6         	movff	??_isr+10,tblptrl
   416  0000B2  C00A  FFF4         	movff	??_isr+9,prodh
   417  0000B6  C009  FFF3         	movff	??_isr+8,prodl
   418  0000BA  C008  FFDA         	movff	??_isr+7,fsr2h
   419  0000BE  C007  FFD9         	movff	??_isr+6,fsr2l
   420  0000C2  C006  FFE2         	movff	??_isr+5,fsr1h
   421  0000C6  C005  FFE1         	movff	??_isr+4,fsr1l
   422  0000CA  C004  FFEA         	movff	??_isr+3,fsr0h
   423  0000CE  C003  FFE9         	movff	??_isr+2,fsr0l
   424  0000D2  C002  FFFB         	movff	??_isr+1,pclatu
   425  0000D6  C001  FFFA         	movff	??_isr,pclath
   426  0000DA  921B               	bcf	btemp,1,c	;clear compiler interrupt flag (level 2)
   427  0000DC  0011               	retfie		f
   428  0000DE                     __end_of_isr:
   429                           	opt stack 0
   430  0000                     pclatu	equ	0xFFB
   431                           pclath	equ	0xFFA
   432                           tblptru	equ	0xFF8
   433                           tblptrh	equ	0xFF7
   434                           tblptrl	equ	0xFF6
   435                           tablat	equ	0xFF5
   436                           prodh	equ	0xFF4
   437                           prodl	equ	0xFF3
   438                           intcon	equ	0xFF2
   439                           fsr0h	equ	0xFEA
   440                           fsr0l	equ	0xFE9
   441                           wreg	equ	0xFE8
   442                           fsr1h	equ	0xFE2
   443                           fsr1l	equ	0xFE1
   444                           fsr2h	equ	0xFDA
   445                           fsr2l	equ	0xFD9
   446                           status	equ	0xFD8
   447                           pclatu	equ	0xFFB
   448                           pclath	equ	0xFFA
   449                           tblptru	equ	0xFF8
   450                           tblptrh	equ	0xFF7
   451                           tblptrl	equ	0xFF6
   452                           tablat	equ	0xFF5
   453                           prodh	equ	0xFF4
   454                           prodl	equ	0xFF3
   455                           intcon	equ	0xFF2
   456                           fsr0h	equ	0xFEA
   457                           fsr0l	equ	0xFE9
   458                           wreg	equ	0xFE8
   459                           fsr1h	equ	0xFE2
   460                           fsr1l	equ	0xFE1
   461                           fsr2h	equ	0xFDA
   462                           fsr2l	equ	0xFD9
   463                           status	equ	0xFD8
   464                           
   465                           	psect	rparam
   466  0000                     pclatu	equ	0xFFB
   467                           pclath	equ	0xFFA
   468                           tblptru	equ	0xFF8
   469                           tblptrh	equ	0xFF7
   470                           tblptrl	equ	0xFF6
   471                           tablat	equ	0xFF5
   472                           prodh	equ	0xFF4
   473                           prodl	equ	0xFF3
   474                           intcon	equ	0xFF2
   475                           fsr0h	equ	0xFEA
   476                           fsr0l	equ	0xFE9
   477                           wreg	equ	0xFE8
   478                           fsr1h	equ	0xFE2
   479                           fsr1l	equ	0xFE1
   480                           fsr2h	equ	0xFDA
   481                           fsr2l	equ	0xFD9
   482                           status	equ	0xFD8
   483                           
   484                           	psect	temp
   485  00001B                     btemp:
   486                           	opt stack 0
   487  00001B                     	ds	1
   488  0000                     int$flags	set	btemp
   489                           pclatu	equ	0xFFB
   490                           pclath	equ	0xFFA
   491                           tblptru	equ	0xFF8
   492                           tblptrh	equ	0xFF7
   493                           tblptrl	equ	0xFF6
   494                           tablat	equ	0xFF5
   495                           prodh	equ	0xFF4
   496                           prodl	equ	0xFF3
   497                           intcon	equ	0xFF2
   498                           fsr0h	equ	0xFEA
   499                           fsr0l	equ	0xFE9
   500                           wreg	equ	0xFE8
   501                           fsr1h	equ	0xFE2
   502                           fsr1l	equ	0xFE1
   503                           fsr2h	equ	0xFDA
   504                           fsr2l	equ	0xFD9
   505                           status	equ	0xFD8


Data Sizes:
    Strings     0
    Constant    0
    Data        0
    BSS         0
    Persistent  10
    Stack       0

Auto Spaces:
    Space          Size  Autos    Used
    COMRAM          126     16      26
    BANK0           128      0       0
    BANK1           256      0       0
    BANK2           256      0       0
    BANK3           256      0       0
    BANK4           256      0       0
    BANK5           256      0       0

Pointer List with Targets:

    None.

Critical Paths under _main in COMRAM

    None.

Critical Paths under _isr in COMRAM

    None.

Critical Paths under _main in BANK0

    None.

Critical Paths under _isr in BANK0

    None.

Critical Paths under _main in BANK1

    None.

Critical Paths under _isr in BANK1

    None.

Critical Paths under _main in BANK2

    None.

Critical Paths under _isr in BANK2

    None.

Critical Paths under _main in BANK3

    None.

Critical Paths under _isr in BANK3

    None.

Critical Paths under _main in BANK4

    None.

Critical Paths under _isr in BANK4

    None.

Critical Paths under _main in BANK5

    None.

Critical Paths under _isr in BANK5

    None.

Call Graph Tables:

 ---------------------------------------------------------------------------------
 (Depth) Function   	        Calls       Base Space   Used Autos Params    Refs
 ---------------------------------------------------------------------------------
 (0) _main                                                 2     2      0       0
                                             14 COMRAM     2     2      0
 ---------------------------------------------------------------------------------
 Estimated maximum stack depth 0
 ---------------------------------------------------------------------------------
 (Depth) Function   	        Calls       Base Space   Used Autos Params    Refs
 ---------------------------------------------------------------------------------
 (1) _isr                                                 14    14      0       0
                                              0 COMRAM    14    14      0
 ---------------------------------------------------------------------------------
 Estimated maximum stack depth 1
 ---------------------------------------------------------------------------------

 Call Graph Graphs:

 _main (ROOT)

 _isr (ROOT)

 Address spaces:
Name               Size   Autos  Total    Cost      Usage
BITCOMRAM           7E      0       0       0        0.0%
EEDATA             100      0       0       0        0.0%
NULL                 0      0       0       0        0.0%
CODE                 0      0       0       0        0.0%
COMRAM              7E     10      1A       1       20.6%
STACK                0      0       0       2        0.0%
DATA                 0      0      1A       3        0.0%
BITBANK0            80      0       0       4        0.0%
BANK0               80      0       0       5        0.0%
BITBANK1           100      0       0       6        0.0%
BANK1              100      0       0       7        0.0%
BITBANK2           100      0       0       8        0.0%
BANK2              100      0       0       9        0.0%
BITBANK3           100      0       0      10        0.0%
BANK3              100      0       0      11        0.0%
BITBANK4           100      0       0      12        0.0%
BANK4              100      0       0      13        0.0%
BANK5              100      0       0      14        0.0%
ABS                  0      0      1A      15        0.0%
BITBANK5           100      0       0      16        0.0%
BIGRAM             5FF      0       0      17        0.0%
BITSFR               0      0       0     200        0.0%
SFR                  0      0       0     200        0.0%


Microchip Technology PIC18 Macro Assembler V1.41 build -162212810 
Symbol Table                                                                                   Mon Jun 03 10:52:36 2019

                     u37 0156                       _d1 0019                       _d2 0017  
                     _d3 0015                       _d4 0013                      l684 0124  
                    _aux 0011                      _isr 0008                      wreg 000FE8  
           __CFG_LVP$OFF 000000             __CFG_WDT$OFF 000000                     ?_isr 0001  
                   _LATA 000F89                     _LATD 000F8C                     i2l42 00A2  
           __CFG_PWRT$ON 000000                     _main 00DE                     fsr0h 000FEA  
                   fsr1h 000FE2                     fsr2h 000FDA                     fsr0l 000FE9  
                   fsr1l 000FE1                     fsr2l 000FD9                     btemp 001B  
                   prodh 000FF4                     prodl 000FF3                     start 000E  
           ___param_bank 000000                    ??_isr 0001                    ?_main 0001  
                  _T0CON 000FD5                    i2l660 006E                    i2l652 0056  
                  i2l670 0088                    i2l664 007A                    i2l656 0062  
                  _TRISA 000F92                    _TRISD 000F95                    pclath 000FFA  
                  tablat 000FF5                    status 000FD8           __CFG_MCLRE$OFF 000000  
        __initialization 0164             __end_of_main 0164                   ??_main 000F  
          __activetblptr 000002                   _ADCON1 000FC1                   _OSCCON 000FD3  
                 tblptrh 000FF7                   tblptrl 000FF6                   tblptru 000FF8  
             __accesstop 0080  __end_of__initialization 0164            ___rparam_used 000001  
         __pcstackCOMRAM 0001               __pnvCOMRAM 0011                  __Hparam 0000  
                __Lparam 0000                  __pcinit 0164                  __ramtop 0600  
                __ptext0 00DE                _T0CONbits 000FD5             __size_of_isr 00D6  
         __pintcode_body 0012     end_of_initialization 0164            __Lmediumconst 0000  
                int_func 0012      start_initialization 0164              __end_of_isr 00DE  
       __CFG_OSC$INTIO67 000000                __pintcode 0008                 _LATAbits 000F89  
               __Hrparam 0000                 __Lrparam 0000            __size_of_main 0086  
               int$flags 001B               _INTCONbits 000FF2                 intlevel2 0000  
