

Microchip Technology PIC18 LITE Macro Assembler V1.41 build -162212810 
                                                                                               Mon Jun 03 10:08:29 2019

Microchip Technology Omniscient Code Generator v1.41 (Free mode) build 201701250102
     1                           	processor	18F4520
     2                           	fnconf	rparam,??,?,0
     3                           	opt	pw 120
     4                           	opt	lm
     5                           	psect	cinit,global,reloc=2,class=CODE,delta=1
     6                           	psect	cstackCOMRAM,global,class=COMRAM,space=1,delta=1,noexec
     7                           	psect	text0,global,reloc=2,class=CODE,delta=1
     8                           	psect	intsave_regs,global,class=BIGRAM,space=1,delta=1,noexec
     9                           	psect	rparam,global,class=COMRAM,space=1,delta=1,noexec
    10  0000                     
    11                           ; Version 1.41
    12                           ; Generated 25/01/2017 GMT
    13                           ; 
    14                           ; Copyright © 2017, Microchip Technology Inc. and its subsidiaries ("Microchip")
    15                           ; All rights reserved.
    16                           ; 
    17                           ; This software is developed by Microchip Technology Inc. and its subsidiaries ("Microch
      +                          ip").
    18                           ; 
    19                           ; Redistribution and use in source and binary forms, with or without modification, are
    20                           ; permitted provided that the following conditions are met:
    21                           ; 
    22                           ;     1. Redistributions of source code must retain the above copyright notice, this lis
      +                          t of
    23                           ;        conditions and the following disclaimer.
    24                           ; 
    25                           ;     2. Redistributions in binary form must reproduce the above copyright notice, this 
      +                          list
    26                           ;        of conditions and the following disclaimer in the documentation and/or other
    27                           ;        materials provided with the distribution.
    28                           ; 
    29                           ;     3. Microchip's name may not be used to endorse or promote products derived from th
      +                          is
    30                           ;        software without specific prior written permission.
    31                           ; 
    32                           ; THIS SOFTWARE IS PROVIDED BY MICROCHIP "AS IS" AND ANY EXPRESS OR IMPLIED WARRANTIES,
    33                           ; INCLUDING, BUT NOT LIMITED TO, THE IMPLIED WARRANTIES OF MERCHANTABILITY AND FITNESS F
      +                          OR
    34                           ; PURPOSE ARE DISCLAIMED.  IN NO EVENT SHALL MICROCHIP BE LIABLE FOR ANY DIRECT, INDIREC
      +                          T,
    35                           ; INCIDENTAL, SPECIAL, EXEMPLARY, OR CONSEQUENTIAL DAMAGES (INCLUDING BUT NOT LIMITED TO
    36                           ; PROCUREMENT OF SUBSTITUTE GOODS OR SERVICES; LOSS OF USE, DATA OR PROFITS; OR BUSINESS
    37                           ; INTERRUPTION) HOWSOEVER CAUSED AND ON ANY THEORY OF LIABILITY, WHETHER IN CONTRACT, ST
      +                          RICT
    38                           ; LIABILITY, OR TORT (INCLUDING NEGLIGENCE OR OTHERWISE) ARISING IN ANY WAY OUT OF THE U
      +                          SE OF
    39                           ; THIS SOFTWARE, EVEN IF ADVISED OF THE POSSIBILITY OF SUCH DAMAGE.
    40                           ; 
    41                           ; 
    42                           ; Code-generator required, PIC18F4520 Definitions
    43                           ; 
    44                           ; SFR Addresses
    45  0000                     _LATA	set	3977
    46  0000                     _TRISA	set	3986
    47  0000                     _LATD	set	3980
    48  0000                     _TRISD	set	3989
    49                           
    50                           ; #config settings
    51  0000                     
    52                           	psect	cinit
    53  007F64                     __pcinit:
    54                           	opt stack 0
    55  007F64                     start_initialization:
    56                           	opt stack 0
    57  007F64                     __initialization:
    58                           	opt stack 0
    59  007F64                     end_of_initialization:
    60                           	opt stack 0
    61  007F64                     __end_of__initialization:
    62                           	opt stack 0
    63  007F64  0100               	movlb	0
    64  007F66  EFB5  F03F         	goto	_main	;jump to C main() function
    65                           
    66                           	psect	cstackCOMRAM
    67  000001                     __pcstackCOMRAM:
    68                           	opt stack 0
    69  000001                     ??_main:
    70  000001                     
    71                           ; 2 bytes @ 0x0
    72  000001                     	ds	2
    73                           
    74 ;;
    75 ;;Main: autosize = 0, tempsize = 2, incstack = 0, save=0
    76 ;;
    77 ;; *************** function _main *****************
    78 ;; Defined at:
    79 ;;		line 10 in file "varrdisp.c"
    80 ;; Parameters:    Size  Location     Type
    81 ;;		None
    82 ;; Auto vars:     Size  Location     Type
    83 ;;		None
    84 ;; Return value:  Size  Location     Type
    85 ;;                  2   12[None  ] int 
    86 ;; Registers used:
    87 ;;		wreg, status,2
    88 ;; Tracked objects:
    89 ;;		On entry : 0/0
    90 ;;		On exit  : 0/0
    91 ;;		Unchanged: 0/0
    92 ;; Data sizes:     COMRAM   BANK0   BANK1   BANK2   BANK3   BANK4   BANK5
    93 ;;      Params:         0       0       0       0       0       0       0
    94 ;;      Locals:         0       0       0       0       0       0       0
    95 ;;      Temps:          2       0       0       0       0       0       0
    96 ;;      Totals:         2       0       0       0       0       0       0
    97 ;;Total ram usage:        2 bytes
    98 ;; This function calls:
    99 ;;		Nothing
   100 ;; This function is called by:
   101 ;;		Startup code after reset
   102 ;; This function uses a non-reentrant model
   103 ;;
   104                           
   105                           	psect	text0
   106  007F6A                     __ptext0:
   107                           	opt stack 0
   108  007F6A                     _main:
   109                           	opt stack 31
   110                           
   111                           ;varrdisp.c: 12: TRISD = 0;
   112                           
   113                           ;incstack = 0
   114  007F6A  0E00               	movlw	0
   115  007F6C  6E95               	movwf	3989,c	;volatile
   116                           
   117                           ;varrdisp.c: 13: LATD = 0;
   118  007F6E  0E00               	movlw	0
   119  007F70  6E8C               	movwf	3980,c	;volatile
   120                           
   121                           ;varrdisp.c: 14: TRISA = 0xC3;
   122  007F72  0EC3               	movlw	195
   123  007F74  6E92               	movwf	3986,c	;volatile
   124  007F76                     
   125                           ;varrdisp.c: 15: LATA = 0xC3;
   126  007F76  0EC3               	movlw	195
   127  007F78  6E89               	movwf	3977,c	;volatile
   128                           
   129                           ;varrdisp.c: 18: {
   130                           ;varrdisp.c: 19: LATD = 0x06;
   131                           
   132                           ;varrdisp.c: 17: while(1)
   133  007F7A  0E06               	movlw	6
   134  007F7C  6E8C               	movwf	3980,c	;volatile
   135                           
   136                           ;varrdisp.c: 20: LATA = 0xC7;
   137  007F7E  0EC7               	movlw	199
   138  007F80  6E89               	movwf	3977,c	;volatile
   139                           
   140                           ;varrdisp.c: 21: _delay((unsigned long)((500)*(8000000/4000.0)));
   141  007F82  0E06               	movlw	6
   142  007F84  6E02               	movwf	(??_main+1)& (0+255),c
   143  007F86  0E13               	movlw	19
   144  007F88  6E01               	movwf	??_main& (0+255),c
   145  007F8A  0EAE               	movlw	174
   146  007F8C                     u17:
   147  007F8C  2EE8               	decfsz	wreg,f,c
   148  007F8E  D7FE               	bra	u17
   149  007F90  2E01               	decfsz	??_main& (0+255),f,c
   150  007F92  D7FC               	bra	u17
   151  007F94  2E02               	decfsz	(??_main+1)& (0+255),f,c
   152  007F96  D7FA               	bra	u17
   153                           
   154                           ;varrdisp.c: 22: LATA = 0xC3;
   155  007F98  0EC3               	movlw	195
   156  007F9A  6E89               	movwf	3977,c	;volatile
   157                           
   158                           ;varrdisp.c: 23: LATD = 0x5B;
   159  007F9C  0E5B               	movlw	91
   160  007F9E  6E8C               	movwf	3980,c	;volatile
   161                           
   162                           ;varrdisp.c: 24: LATA = 0xCB;
   163  007FA0  0ECB               	movlw	203
   164  007FA2  6E89               	movwf	3977,c	;volatile
   165                           
   166                           ;varrdisp.c: 25: _delay((unsigned long)((500)*(8000000/4000.0)));
   167  007FA4  0E06               	movlw	6
   168  007FA6  6E02               	movwf	(??_main+1)& (0+255),c
   169  007FA8  0E13               	movlw	19
   170  007FAA  6E01               	movwf	??_main& (0+255),c
   171  007FAC  0EAE               	movlw	174
   172  007FAE                     u27:
   173  007FAE  2EE8               	decfsz	wreg,f,c
   174  007FB0  D7FE               	bra	u27
   175  007FB2  2E01               	decfsz	??_main& (0+255),f,c
   176  007FB4  D7FC               	bra	u27
   177  007FB6  2E02               	decfsz	(??_main+1)& (0+255),f,c
   178  007FB8  D7FA               	bra	u27
   179                           
   180                           ;varrdisp.c: 26: LATA = 0xC3;
   181  007FBA  0EC3               	movlw	195
   182  007FBC  6E89               	movwf	3977,c	;volatile
   183                           
   184                           ;varrdisp.c: 27: LATD = 0x4F;
   185  007FBE  0E4F               	movlw	79
   186  007FC0  6E8C               	movwf	3980,c	;volatile
   187                           
   188                           ;varrdisp.c: 28: LATA = 0xD3;
   189  007FC2  0ED3               	movlw	211
   190  007FC4  6E89               	movwf	3977,c	;volatile
   191                           
   192                           ;varrdisp.c: 29: _delay((unsigned long)((500)*(8000000/4000.0)));
   193  007FC6  0E06               	movlw	6
   194  007FC8  6E02               	movwf	(??_main+1)& (0+255),c
   195  007FCA  0E13               	movlw	19
   196  007FCC  6E01               	movwf	??_main& (0+255),c
   197  007FCE  0EAE               	movlw	174
   198  007FD0                     u37:
   199  007FD0  2EE8               	decfsz	wreg,f,c
   200  007FD2  D7FE               	bra	u37
   201  007FD4  2E01               	decfsz	??_main& (0+255),f,c
   202  007FD6  D7FC               	bra	u37
   203  007FD8  2E02               	decfsz	(??_main+1)& (0+255),f,c
   204  007FDA  D7FA               	bra	u37
   205                           
   206                           ;varrdisp.c: 30: LATA = 0xC3;
   207  007FDC  0EC3               	movlw	195
   208  007FDE  6E89               	movwf	3977,c	;volatile
   209                           
   210                           ;varrdisp.c: 31: LATD = 0x66;
   211  007FE0  0E66               	movlw	102
   212  007FE2  6E8C               	movwf	3980,c	;volatile
   213                           
   214                           ;varrdisp.c: 32: LATA = 0xE3;
   215  007FE4  0EE3               	movlw	227
   216  007FE6  6E89               	movwf	3977,c	;volatile
   217                           
   218                           ;varrdisp.c: 33: _delay((unsigned long)((500)*(8000000/4000.0)));
   219  007FE8  0E06               	movlw	6
   220  007FEA  6E02               	movwf	(??_main+1)& (0+255),c
   221  007FEC  0E13               	movlw	19
   222  007FEE  6E01               	movwf	??_main& (0+255),c
   223  007FF0  0EAE               	movlw	174
   224  007FF2                     u47:
   225  007FF2  2EE8               	decfsz	wreg,f,c
   226  007FF4  D7FE               	bra	u47
   227  007FF6  2E01               	decfsz	??_main& (0+255),f,c
   228  007FF8  D7FC               	bra	u47
   229  007FFA  2E02               	decfsz	(??_main+1)& (0+255),f,c
   230  007FFC  D7FA               	bra	u47
   231  007FFE  D7BB               	goto	L1
   232  008000                     __end_of_main:
   233                           	opt stack 0
   234  0000                     wreg	equ	0xFE8
   235                           wreg	equ	0xFE8
   236                           
   237                           	psect	rparam
   238  0000                     wreg	equ	0xFE8


Data Sizes:
    Strings     0
    Constant    0
    Data        0
    BSS         0
    Persistent  0
    Stack       0

Auto Spaces:
    Space          Size  Autos    Used
    COMRAM          127      2       2
    BANK0           128      0       0
    BANK1           256      0       0
    BANK2           256      0       0
    BANK3           256      0       0
    BANK4           256      0       0
    BANK5           256      0       0

Pointer List with Targets:

    None.

Critical Paths under _main in COMRAM

    None.

Critical Paths under _main in BANK0

    None.

Critical Paths under _main in BANK1

    None.

Critical Paths under _main in BANK2

    None.

Critical Paths under _main in BANK3

    None.

Critical Paths under _main in BANK4

    None.

Critical Paths under _main in BANK5

    None.

Call Graph Tables:

 ---------------------------------------------------------------------------------
 (Depth) Function   	        Calls       Base Space   Used Autos Params    Refs
 ---------------------------------------------------------------------------------
 (0) _main                                                 2     2      0       0
                                              0 COMRAM     2     2      0
 ---------------------------------------------------------------------------------
 Estimated maximum stack depth 0
 ---------------------------------------------------------------------------------

 Call Graph Graphs:

 _main (ROOT)

 Address spaces:
Name               Size   Autos  Total    Cost      Usage
BITCOMRAM           7F      0       0       0        0.0%
EEDATA             100      0       0       0        0.0%
NULL                 0      0       0       0        0.0%
CODE                 0      0       0       0        0.0%
COMRAM              7F      2       2       1        1.6%
STACK                0      0       0       2        0.0%
DATA                 0      0       0       3        0.0%
BITBANK0            80      0       0       4        0.0%
BANK0               80      0       0       5        0.0%
BITBANK1           100      0       0       6        0.0%
BANK1              100      0       0       7        0.0%
BITBANK2           100      0       0       8        0.0%
BANK2              100      0       0       9        0.0%
BITBANK3           100      0       0      10        0.0%
BANK3              100      0       0      11        0.0%
BITBANK4           100      0       0      12        0.0%
BANK4              100      0       0      13        0.0%
BANK5              100      0       0      14        0.0%
ABS                  0      0       0      15        0.0%
BITBANK5           100      0       0      16        0.0%
BIGRAM             5FF      0       0      17        0.0%
BITSFR               0      0       0     200        0.0%
SFR                  0      0       0     200        0.0%


Microchip Technology PIC18 Macro Assembler V1.41 build -162212810 
Symbol Table                                                                                   Mon Jun 03 10:08:29 2019

                     u17 7F8C                       u27 7FAE                       u37 7FD0  
                     u47 7FF2                      wreg 000FE8             __CFG_LVP$OFF 000000  
           __CFG_WDT$OFF 000000                     _LATA 000F89                     _LATD 000F8C  
           __CFG_PWRT$ON 000000                     _main 7F6A                     start 0000  
           ___param_bank 000000                    ?_main 0001                    _TRISA 000F92  
                  _TRISD 000F95           __CFG_MCLRE$OFF 000000          __initialization 7F64  
           __end_of_main 8000                   ??_main 0001            __activetblptr 000000  
             __accesstop 0080  __end_of__initialization 7F64            ___rparam_used 000001  
         __pcstackCOMRAM 0001                  __Hparam 0000                  __Lparam 0000  
                __pcinit 7F64                  __ramtop 0600                  __ptext0 7F6A  
   end_of_initialization 7F64      start_initialization 7F64         __CFG_OSC$INTIO67 000000  
               __Hrparam 0000                 __Lrparam 0000            __size_of_main 0096  
