MPASM 5.73                      DALB1234.ASM   4-15-2019  11:16:57         PAGE  1


LOC  OBJECT CODE     LINE SOURCE TEXT
  VALUE

                      00001     LIST    P=18F4520
                      00002     #include<P18F4520.INC>
                      00001         LIST
                      00002 
                      00003 ;==========================================================================
                      00004 ; Build date : Mar 21 2017
                      00005 ;  MPASM PIC18F4520 processor include
                      00006 ; 
                      00007 ;  (c) Copyright 1999-2017 Microchip Technology, All rights reserved
                      00008 ;==========================================================================
                      00009 
                      01489         LIST
                      00003     
                      00004     ;configuration Bits
                      00005     CONFIG OSC=INTIO67,PWRT=ON, WDT=OFF, MCLRE=OFF, DEBUG=OFF
                      00006     
  00000006            00007 REG0    EQU     0x06
  00000007            00008 REG1    EQU     0x07
  00000008            00009 REG2    EQU     0x08
  00000009            00010 CONT    EQU     0x09
                      00011         
                      00012         org     0x0000
000000 EF?? F???      00013         GOTO    INICIO
                      00014         
                      00015         org     0x0100
000100                00016 DELAY:
000100 0E0A           00017         MOVLW   .10
000102 6E07           00018         MOVWF   REG1
000104 0EFF           00019 DL1:    MOVLW   0xFF
000106 6E06           00020         MOVWF   REG0
000108 2E06           00021 DL0:    DECFSZ  REG0
00010A D???           00022         BRA     DL0
00010C 2E07           00023         DECFSZ  REG1
00010E D???           00024         BRA     DL1
000110 0012           00025         RETURN
                      00026         
                      00027         org     0x1000
001000                00028 INICIO:
001000 0E78           00029         MOVLW   0x78
001002 6ED3           00030         MOVWF   OSCCON
001004 0E0F           00031         MOVLW   0x0F
001006 6EC1           00032         MOVWF   ADCON1
001008 0E00           00033         MOVLW   0x00
00100A 6E95           00034         MOVWF   TRISD
00100C 0EC3           00035         MOVLW   0xC3
00100E 6E92           00036         MOVWF   TRISA
001010 0EC3           00037         MOVLW   0xC3
001012 6E89           00038         MOVWF   LATA
001014 0E3C           00039         MOVLW   .60
001016 6E08           00040         MOVWF   REG2
                      00041 
001018                00042 REPETE_:
001018 C008 F009      00043         MOVFF   REG2,CONT
MPASM 5.73                      DALB1234.ASM   4-15-2019  11:16:57         PAGE  2


LOC  OBJECT CODE     LINE SOURCE TEXT
  VALUE

00101C                00044 REPETE1:
00101C 0E06           00045         MOVLW   0x06
00101E 6E8C           00046         MOVWF   LATD
001020 8489           00047         BSF     LATA,2
001022 EC?? F???      00048         CALL    DELAY
001026 9489           00049         BCF     LATA,2
001028 0E5B           00050         MOVLW   0X5B
00102A 6E8C           00051         MOVWF   LATD
00102C 8689           00052         BSF     LATA,3
00102E EC?? F???      00053         CALL    DELAY
001032 9689           00054         BCF     LATA,3
001034 0E4F           00055         MOVLW   0x4F
001036 6E8C           00056         MOVWF   LATD
001038 8889           00057         BSF     LATA,4
00103A EC?? F???      00058         CALL    DELAY
00103E 9889           00059         BCF     LATA,4
001040 0E66           00060         MOVLW   0x66
001042 6E8C           00061         MOVWF   LATD
001044 8A89           00062         BSF     LATA,5
001046 EC?? F???      00063         CALL    DELAY
00104A 9A89           00064         BCF     LATA,5
00104C 2E09           00065         DECFSZ  CONT
00104E D???           00066         BRA     REPETE1
                      00067         
                      00068         
001050 C008 F009      00069         MOVFF   REG2,CONT
001054                00070 REPETE2:
001054 0E5B           00071         MOVLW   0x5B
001056 6E8C           00072         MOVWF   LATD
001058 8489           00073         BSF     LATA,2
00105A EC?? F???      00074         CALL DELAY
00105E 9489           00075         BCF     LATA,2
001060 0E4F           00076         MOVLW   0X4F
001062 6E8C           00077         MOVWF   LATD
001064 8689           00078         BSF     LATA,3
001066 EC?? F???      00079         CALL DELAY
00106A 9689           00080         BCF     LATA,3
00106C 0E66           00081         MOVLW   0x66
00106E 6E8C           00082         MOVWF   LATD
001070 8889           00083         BSF     LATA,4
001072 EC?? F???      00084         CALL    DELAY
001076 9889           00085         BCF     LATA,4
001078 0E06           00086         MOVLW   0x06
00107A 6E8C           00087         MOVWF   LATD
00107C 8A89           00088         BSF     LATA,5
00107E EC?? F???      00089         CALL    DELAY
001082 9A89           00090         BCF     LATA,5
001084 2E09           00091         DECFSZ  CONT
001086 D???           00092         BRA     REPETE2
                      00093         
001088 C008 F009      00094         MOVFF   REG2,CONT
00108C                00095 REPETE3:
00108C 0E4F           00096         MOVLW   0x4F
MPASM 5.73                      DALB1234.ASM   4-15-2019  11:16:57         PAGE  3


LOC  OBJECT CODE     LINE SOURCE TEXT
  VALUE

00108E 6E8C           00097         MOVWF   LATD
001090 8489           00098         BSF     LATA,2
001092 EC?? F???      00099         CALL DELAY
001096 9489           00100         BCF     LATA,2
001098 0E66           00101         MOVLW   0X66
00109A 6E8C           00102         MOVWF   LATD
00109C 8689           00103         BSF     LATA,3
00109E EC?? F???      00104         CALL DELAY
0010A2 9689           00105         BCF     LATA,3
0010A4 0E06           00106         MOVLW   0x06
0010A6 6E8C           00107         MOVWF   LATD
0010A8 8889           00108         BSF     LATA,4
0010AA EC?? F???      00109         CALL    DELAY
0010AE 9889           00110         BCF     LATA,4
0010B0 0E5B           00111         MOVLW   0x5B
0010B2 6E8C           00112         MOVWF   LATD
0010B4 8A89           00113         BSF     LATA,5
0010B6 EC?? F???      00114         CALL    DELAY
0010BA 9A89           00115         BCF     LATA,5
0010BC 2E09           00116         DECFSZ  CONT
0010BE D???           00117         BRA     REPETE3
                      00118         
0010C0 C008 F009      00119         MOVFF   REG2,CONT
0010C4                00120 REPETE4:
0010C4 0E66           00121         MOVLW   0x66
0010C6 6E8C           00122         MOVWF   LATD
0010C8 8489           00123         BSF     LATA,2
0010CA EC?? F???      00124         CALL DELAY
0010CE 9489           00125         BCF     LATA,2
0010D0 0E06           00126         MOVLW   0X06
0010D2 6E8C           00127         MOVWF   LATD
0010D4 8689           00128         BSF     LATA,3
0010D6 EC?? F???      00129         CALL DELAY
0010DA 9689           00130         BCF     LATA,3
0010DC 0E5B           00131         MOVLW   0x5B
0010DE 6E8C           00132         MOVWF   LATD
0010E0 8889           00133         BSF     LATA,4
0010E2 EC?? F???      00134         CALL    DELAY
0010E6 9889           00135         BCF     LATA,4
0010E8 0E4F           00136         MOVLW   0x4F
0010EA 6E8C           00137         MOVWF   LATD
0010EC 8A89           00138         BSF     LATA,5
0010EE EC?? F???      00139         CALL    DELAY
0010F2 9A89           00140         BCF     LATA,5
0010F4 2E09           00141         DECFSZ  CONT
0010F6 D???           00142         BRA     REPETE4
                      00143         
0010F8 D???           00144         BRA     REPETE_
                      00145         
                      00146         END
MPASM 5.73                      DALB1234.ASM   4-15-2019  11:16:57         PAGE  4


SYMBOL TABLE
  LABEL                             VALUE 

A                                 00000000
ABDEN                             00000000
ABDOVF                            00000007
ACCESS                            00000000
ACKDT                             00000005
ACKEN                             00000004
ACKSTAT                           00000006
ACQT0                             00000003
ACQT1                             00000004
ACQT2                             00000005
ADCON0                            00000FC2
ADCON1                            00000FC1
ADCON2                            00000FC0
ADCS0                             00000000
ADCS1                             00000001
ADCS2                             00000002
ADDEN                             00000003
ADEN                              00000003
ADFM                              00000007
ADIE                              00000006
ADIF                              00000006
ADIP                              00000006
ADMSK1                            00000001
ADMSK2                            00000002
ADMSK3                            00000003
ADMSK4                            00000004
ADMSK5                            00000005
ADON                              00000000
ADRES                             00000FC3
ADRESH                            00000FC4
ADRESL                            00000FC3
AN0                               00000000
AN1                               00000001
AN10                              00000001
AN11                              00000004
AN12                              00000000
AN2                               00000002
AN3                               00000003
AN4                               00000005
AN5                               00000000
AN6                               00000001
AN7                               00000002
AN8                               00000002
AN9                               00000003
BANKED                            00000001
BAUDCON                           00000FB8
BAUDCTL                           00000FB8
BCLIE                             00000003
BCLIF                             00000003
BCLIP                             00000003
BF                                00000000
BGST                              00000005
BOR                               00000000
MPASM 5.73                      DALB1234.ASM   4-15-2019  11:16:57         PAGE  5


SYMBOL TABLE
  LABEL                             VALUE 

BRG16                             00000003
BRGH                              00000002
BSR                               00000FE0
C                                 00000000
C1INV                             00000004
C1OUT_CMCON                       00000006
C1OUT_PORTA                       00000004
C2INV                             00000005
C2OUT_CMCON                       00000007
C2OUT_PORTA                       00000005
CCP1                              00000002
CCP1CON                           00000FBD
CCP1IE                            00000002
CCP1IF                            00000002
CCP1IP                            00000002
CCP1M0                            00000000
CCP1M1                            00000001
CCP1M2                            00000002
CCP1M3                            00000003
CCP1X                             00000005
CCP1Y                             00000004
CCP2CON                           00000FBA
CCP2IE                            00000000
CCP2IF                            00000000
CCP2IP                            00000000
CCP2M0                            00000000
CCP2M1                            00000001
CCP2M2                            00000002
CCP2M3                            00000003
CCP2X                             00000005
CCP2Y                             00000004
CCP2_PORTB                        00000003
CCP2_PORTC                        00000001
CCPR1                             00000FBE
CCPR1H                            00000FBF
CCPR1L                            00000FBE
CCPR2                             00000FBB
CCPR2H                            00000FBC
CCPR2L                            00000FBB
CFGS                              00000006
CHS0                              00000002
CHS1                              00000003
CHS2                              00000004
CHS3                              00000005
CIS                               00000003
CK                                00000006
CKE                               00000006
CKP                               00000004
CLKI                              00000007
CLKO                              00000006
CM0                               00000000
CM1                               00000001
CM2                               00000002
MPASM 5.73                      DALB1234.ASM   4-15-2019  11:16:57         PAGE  6


SYMBOL TABLE
  LABEL                             VALUE 

CMCON                             00000FB4
CMIE                              00000006
CMIF                              00000006
CMIP                              00000006
CONT                              00000009
CREN                              00000004
CS                                00000002
CSRC                              00000007
CVR0                              00000000
CVR1                              00000001
CVR2                              00000002
CVR3                              00000003
CVRCON                            00000FB5
CVREF                             00000002
CVREN                             00000007
CVROE                             00000006
CVRR                              00000005
CVRSS                             00000004
D                                 00000005
DC                                00000001
DC1B0                             00000004
DC1B1                             00000005
DC2B0                             00000004
DC2B1                             00000005
DDRA                              TRISA
DDRB                              TRISB
DDRC                              TRISC
DDRD                              TRISD
DDRE                              TRISE
DELAY                             00000100
DL0                               00000108
DL1                               00000104
DONE                              00000001
D_A                               00000005
D_NOT_A                           00000005
ECCP1AS                           00000FB6
ECCP1DEL                          00000FB7
ECCPAS                            00000FB6
ECCPAS0                           00000004
ECCPAS1                           00000005
ECCPAS2                           00000006
ECCPASE                           00000007
EEADR                             00000FA9
EECON1                            00000FA6
EECON2                            00000FA7
EEDATA                            00000FA8
EEIE                              00000004
EEIF                              00000004
EEIP                              00000004
EEPGD                             00000007
FAST                              00000001
FERR                              00000002
FLT0                              00000000
MPASM 5.73                      DALB1234.ASM   4-15-2019  11:16:57         PAGE  7


SYMBOL TABLE
  LABEL                             VALUE 

FLTS                              00000002
FREE                              00000004
FSR0                              00000000
FSR0H                             00000FEA
FSR0L                             00000FE9
FSR1                              00000001
FSR1H                             00000FE2
FSR1L                             00000FE1
FSR2                              00000002
FSR2H                             00000FDA
FSR2L                             00000FD9
GCEN                              00000007
GIE                               00000007
GIEH                              00000007
GIEL                              00000006
GIE_GIEH                          00000007
GO                                00000001
GO_DONE                           00000001
GO_NOT_DONE                       00000001
HLVDCON                           00000FD2
HLVDEN                            00000004
HLVDIE                            00000002
HLVDIF                            00000002
HLVDIN                            00000005
HLVDIP                            00000002
HLVDL0                            00000000
HLVDL1                            00000001
HLVDL2                            00000002
HLVDL3                            00000003
IBF                               00000007
IBOV                              00000005
IDLEN                             00000007
INDF0                             00000FEF
INDF1                             00000FE7
INDF2                             00000FDF
INICIO                            00001000
INT0                              00000000
INT0E                             00000004
INT0F                             00000001
INT0IE                            00000004
INT0IF                            00000001
INT1                              00000001
INT1E                             00000003
INT1F                             00000000
INT1IE                            00000003
INT1IF                            00000000
INT1IP                            00000006
INT1P                             00000006
INT2                              00000002
INT2E                             00000004
INT2F                             00000001
INT2IE                            00000004
INT2IF                            00000001
MPASM 5.73                      DALB1234.ASM   4-15-2019  11:16:57         PAGE  8


SYMBOL TABLE
  LABEL                             VALUE 

INT2IP                            00000007
INT2P                             00000007
INTCON                            00000FF2
INTCON2                           00000FF1
INTCON3                           00000FF0
INTEDG0                           00000006
INTEDG1                           00000005
INTEDG2                           00000004
INTSRC                            00000007
IOFS                              00000002
IPEN                              00000007
IPR1                              00000F9F
IPR2                              00000FA2
IRCF0                             00000004
IRCF1                             00000005
IRCF2                             00000006
IRVST                             00000005
IVRST                             00000005
KBI0                              00000004
KBI1                              00000005
KBI2                              00000006
KBI3                              00000007
LATA                              00000F89
LATA0                             00000000
LATA1                             00000001
LATA2                             00000002
LATA3                             00000003
LATA4                             00000004
LATA5                             00000005
LATA6                             00000006
LATA7                             00000007
LATB                              00000F8A
LATB0                             00000000
LATB1                             00000001
LATB2                             00000002
LATB3                             00000003
LATB4                             00000004
LATB5                             00000005
LATB6                             00000006
LATB7                             00000007
LATC                              00000F8B
LATC0                             00000000
LATC1                             00000001
LATC2                             00000002
LATC3                             00000003
LATC4                             00000004
LATC5                             00000005
LATC6                             00000006
LATC7                             00000007
LATD                              00000F8C
LATD0                             00000000
LATD1                             00000001
LATD2                             00000002
MPASM 5.73                      DALB1234.ASM   4-15-2019  11:16:57         PAGE  9


SYMBOL TABLE
  LABEL                             VALUE 

LATD3                             00000003
LATD4                             00000004
LATD5                             00000005
LATD6                             00000006
LATD7                             00000007
LATE                              00000F8D
LATE0                             00000000
LATE1                             00000001
LATE2                             00000002
LVDCON                            00000FD2
LVDEN                             00000004
LVDIE                             00000002
LVDIF                             00000002
LVDIN                             00000005
LVDIP                             00000002
LVDL0                             00000000
LVDL1                             00000001
LVDL2                             00000002
LVDL3                             00000003
LVV0                              00000000
LVV1                              00000001
LVV2                              00000002
LVV3                              00000003
MCLR                              00000003
N                                 00000004
NOT_A                             00000005
NOT_ADDRESS                       00000005
NOT_BOR                           00000000
NOT_CS                            00000002
NOT_DONE                          00000001
NOT_MCLR                          00000003
NOT_PD                            00000002
NOT_POR                           00000001
NOT_RBPU                          00000007
NOT_RD                            00000000
NOT_RI                            00000004
NOT_SS                            00000005
NOT_T1SYNC                        00000002
NOT_T3SYNC                        00000002
NOT_TO                            00000003
NOT_W                             00000002
NOT_WR                            00000001
NOT_WRITE                         00000002
OBF                               00000006
OERR                              00000001
OSC1                              00000007
OSC2                              00000006
OSCCON                            00000FD3
OSCFIE                            00000007
OSCFIF                            00000007
OSCFIP                            00000007
OSCTUNE                           00000F9B
OSTS                              00000003
MPASM 5.73                      DALB1234.ASM   4-15-2019  11:16:57         PAGE 10


SYMBOL TABLE
  LABEL                             VALUE 

OV                                00000003
P                                 00000004
P1A                               00000002
P1B                               00000005
P1C                               00000006
P1D                               00000007
P1M0                              00000006
P1M1                              00000007
PC                                00000FF9
PCFG0                             00000000
PCFG1                             00000001
PCFG2                             00000002
PCFG3                             00000003
PCL                               00000FF9
PCLATH                            00000FFA
PCLATU                            00000FFB
PD                                00000002
PDC0                              00000000
PDC1                              00000001
PDC2                              00000002
PDC3                              00000003
PDC4                              00000004
PDC5                              00000005
PDC6                              00000006
PEIE                              00000006
PEIE_GIEL                         00000006
PEN                               00000002
PGC                               00000006
PGD                               00000007
PGM                               00000005
PIE1                              00000F9D
PIE2                              00000FA0
PIR1                              00000F9E
PIR2                              00000FA1
PLLEN                             00000006
PLUSW0                            00000FEB
PLUSW1                            00000FE3
PLUSW2                            00000FDB
POR                               00000001
PORTA                             00000F80
PORTB                             00000F81
PORTC                             00000F82
PORTD                             00000F83
PORTE                             00000F84
POSTDEC0                          00000FED
POSTDEC1                          00000FE5
POSTDEC2                          00000FDD
POSTINC0                          00000FEE
POSTINC1                          00000FE6
POSTINC2                          00000FDE
PR2                               00000FCB
PREINC0                           00000FEC
PREINC1                           00000FE4
MPASM 5.73                      DALB1234.ASM   4-15-2019  11:16:57         PAGE 11


SYMBOL TABLE
  LABEL                             VALUE 

PREINC2                           00000FDC
PROD                              00000FF3
PRODH                             00000FF4
PRODL                             00000FF3
PRSEN                             00000007
PSA                               00000003
PSP0                              00000000
PSP1                              00000001
PSP2                              00000002
PSP3                              00000003
PSP4                              00000004
PSP5                              00000005
PSP6                              00000006
PSP7                              00000007
PSPIE                             00000007
PSPIF                             00000007
PSPIP                             00000007
PSPMODE                           00000004
PSSAC0                            00000002
PSSAC1                            00000003
PSSBD0                            00000000
PSSBD1                            00000001
PWM1CON                           00000FB7
R                                 00000002
RA0                               00000000
RA1                               00000001
RA2                               00000002
RA3                               00000003
RA4                               00000004
RA5                               00000005
RA6                               00000006
RA7                               00000007
RB0                               00000000
RB1                               00000001
RB2                               00000002
RB3                               00000003
RB4                               00000004
RB5                               00000005
RB6                               00000006
RB7                               00000007
RBIE                              00000003
RBIF                              00000000
RBIP                              00000000
RBPU                              00000007
RC0                               00000000
RC1                               00000001
RC2                               00000002
RC3                               00000003
RC4                               00000004
RC5                               00000005
RC6                               00000006
RC7                               00000007
RCEN                              00000003
MPASM 5.73                      DALB1234.ASM   4-15-2019  11:16:57         PAGE 12


SYMBOL TABLE
  LABEL                             VALUE 

RCIDL                             00000006
RCIE                              00000005
RCIF                              00000005
RCIP                              00000005
RCMT                              00000006
RCON                              00000FD0
RCREG                             00000FAE
RCSTA                             00000FAB
RD                                00000000
RD0                               00000000
RD1                               00000001
RD16                              00000007
RD2                               00000002
RD3                               00000003
RD4                               00000004
RD5                               00000005
RD6                               00000006
RD7                               00000007
RE0                               00000000
RE1                               00000001
RE2                               00000002
RE3                               00000003
REG0                              00000006
REG1                              00000007
REG2                              00000008
REPETE1                           0000101C
REPETE2                           00001054
REPETE3                           0000108C
REPETE4                           000010C4
REPETE_                           00001018
RI                                00000004
RSEN                              00000001
RX                                00000007
RX9                               00000006
RX9D                              00000000
RXDTP                             00000005
R_NOT_W                           00000002
R_W                               00000002
S                                 00000003
SBOREN                            00000006
SCK                               00000003
SCKP                              00000004
SCL                               00000003
SCS0                              00000000
SCS1                              00000001
SDA                               00000004
SDI                               00000004
SDO                               00000005
SEN                               00000000
SENDB                             00000003
SMP                               00000007
SP0                               00000000
SP1                               00000001
MPASM 5.73                      DALB1234.ASM   4-15-2019  11:16:57         PAGE 13


SYMBOL TABLE
  LABEL                             VALUE 

SP2                               00000002
SP3                               00000003
SP4                               00000004
SPBRG                             00000FAF
SPBRGH                            00000FB0
SPEN                              00000007
SREN                              00000005
SS                                00000005
SSPADD                            00000FC8
SSPBUF                            00000FC9
SSPCON1                           00000FC6
SSPCON2                           00000FC5
SSPEN                             00000005
SSPIE                             00000003
SSPIF                             00000003
SSPIP                             00000003
SSPM0                             00000000
SSPM1                             00000001
SSPM2                             00000002
SSPM3                             00000003
SSPOV                             00000006
SSPSTAT                           00000FC7
STATUS                            00000FD8
STKFUL                            00000007
STKOVF                            00000007
STKPTR                            00000FFC
STKUNF                            00000006
SWDTE                             00000000
SWDTEN                            00000000
SYNC                              00000004
T016BIT                           00000006
T08BIT                            00000006
T0CKI                             00000004
T0CON                             00000FD5
T0CS                              00000005
T0IE                              00000005
T0IF                              00000002
T0PS0                             00000000
T0PS1                             00000001
T0PS2                             00000002
T0PS3                             00000003
T0SE                              00000004
T13CKI                            00000000
T1CKI                             00000000
T1CKPS0                           00000004
T1CKPS1                           00000005
T1CON                             00000FCD
T1OSCEN                           00000003
T1OSI                             00000001
T1OSO                             00000000
T1RUN                             00000006
T1SYNC                            00000002
T2CKPS0                           00000000
MPASM 5.73                      DALB1234.ASM   4-15-2019  11:16:57         PAGE 14


SYMBOL TABLE
  LABEL                             VALUE 

T2CKPS1                           00000001
T2CON                             00000FCA
T2OUTPS0                          00000003
T2OUTPS1                          00000004
T2OUTPS2                          00000005
T2OUTPS3                          00000006
T3CCP1                            00000003
T3CCP2                            00000006
T3CKPS0                           00000004
T3CKPS1                           00000005
T3CON                             00000FB1
T3SYNC                            00000002
TABLAT                            00000FF5
TBLPTR                            00000FF6
TBLPTRH                           00000FF7
TBLPTRL                           00000FF6
TBLPTRU                           00000FF8
TMR0                              00000FD6
TMR0H                             00000FD7
TMR0IE                            00000005
TMR0IF                            00000002
TMR0IP                            00000002
TMR0L                             00000FD6
TMR0ON                            00000007
TMR1                              00000FCE
TMR1CS                            00000001
TMR1H                             00000FCF
TMR1IE                            00000000
TMR1IF                            00000000
TMR1IP                            00000000
TMR1L                             00000FCE
TMR1ON                            00000000
TMR2                              00000FCC
TMR2IE                            00000001
TMR2IF                            00000001
TMR2IP                            00000001
TMR2ON                            00000002
TMR3                              00000FB2
TMR3CS                            00000001
TMR3H                             00000FB3
TMR3IE                            00000001
TMR3IF                            00000001
TMR3IP                            00000001
TMR3L                             00000FB2
TMR3ON                            00000000
TO                                00000003
TOS                               00000FFD
TOSH                              00000FFE
TOSL                              00000FFD
TOSU                              00000FFF
TOUTPS0                           00000003
TOUTPS1                           00000004
TOUTPS2                           00000005
MPASM 5.73                      DALB1234.ASM   4-15-2019  11:16:57         PAGE 15


SYMBOL TABLE
  LABEL                             VALUE 

TOUTPS3                           00000006
TRISA                             00000F92
TRISA0                            00000000
TRISA1                            00000001
TRISA2                            00000002
TRISA3                            00000003
TRISA4                            00000004
TRISA5                            00000005
TRISA6                            00000006
TRISA7                            00000007
TRISB                             00000F93
TRISB0                            00000000
TRISB1                            00000001
TRISB2                            00000002
TRISB3                            00000003
TRISB4                            00000004
TRISB5                            00000005
TRISB6                            00000006
TRISB7                            00000007
TRISC                             00000F94
TRISC0                            00000000
TRISC1                            00000001
TRISC2                            00000002
TRISC3                            00000003
TRISC4                            00000004
TRISC5                            00000005
TRISC6                            00000006
TRISC7                            00000007
TRISD                             00000F95
TRISD0                            00000000
TRISD1                            00000001
TRISD2                            00000002
TRISD3                            00000003
TRISD4                            00000004
TRISD5                            00000005
TRISD6                            00000006
TRISD7                            00000007
TRISE                             00000F96
TRISE0                            00000000
TRISE1                            00000001
TRISE2                            00000002
TRMT                              00000001
TUN0                              00000000
TUN1                              00000001
TUN2                              00000002
TUN3                              00000003
TUN4                              00000004
TX                                00000006
TX9                               00000006
TX9D                              00000000
TXCKP                             00000004
TXEN                              00000005
TXIE                              00000004
MPASM 5.73                      DALB1234.ASM   4-15-2019  11:16:57         PAGE 16


SYMBOL TABLE
  LABEL                             VALUE 

TXIF                              00000004
TXIP                              00000004
TXREG                             00000FAD
TXSTA                             00000FAC
UA                                00000001
VCFG0                             00000004
VCFG1                             00000005
VDIRMAG                           00000007
VPP                               00000003
VREFN                             00000002
VREFP                             00000003
W                                 00000000
WCOL                              00000007
WDTCON                            00000FD1
WR                                00000001
WREG                              00000FE8
WREN                              00000002
WRERR                             00000003
WUE                               00000001
Z                                 00000002
_BOREN_NOSLP_2L                   000000FD
_BOREN_OFF_2L                     000000F9
_BOREN_ON_2L                      000000FB
_BOREN_SBORDIS_2L                 000000FF
_BORV_0_2L                        000000E7
_BORV_1_2L                        000000EF
_BORV_2_2L                        000000F7
_BORV_3_2L                        000000FF
_CCP2MX_PORTBE_3H                 000000FE
_CCP2MX_PORTC_3H                  000000FF
_CONFIG1H                         00300001
_CONFIG2H                         00300003
_CONFIG2L                         00300002
_CONFIG3H                         00300005
_CONFIG4L                         00300006
_CONFIG5H                         00300009
_CONFIG5L                         00300008
_CONFIG6H                         0030000B
_CONFIG6L                         0030000A
_CONFIG7H                         0030000D
_CONFIG7L                         0030000C
_CP0_OFF_5L                       000000FF
_CP0_ON_5L                        000000FE
_CP1_OFF_5L                       000000FF
_CP1_ON_5L                        000000FD
_CP2_OFF_5L                       000000FF
_CP2_ON_5L                        000000FB
_CP3_OFF_5L                       000000FF
_CP3_ON_5L                        000000F7
_CPB_OFF_5H                       000000FF
_CPB_ON_5H                        000000BF
_CPD_OFF_5H                       000000FF
_CPD_ON_5H                        0000007F
MPASM 5.73                      DALB1234.ASM   4-15-2019  11:16:57         PAGE 17


SYMBOL TABLE
  LABEL                             VALUE 

_DEBUG_OFF_4L                     000000FF
_DEBUG_ON_4L                      0000007F
_DEVID1                           003FFFFE
_DEVID2                           003FFFFF
_EBTR0_OFF_7L                     000000FF
_EBTR0_ON_7L                      000000FE
_EBTR1_OFF_7L                     000000FF
_EBTR1_ON_7L                      000000FD
_EBTR2_OFF_7L                     000000FF
_EBTR2_ON_7L                      000000FB
_EBTR3_OFF_7L                     000000FF
_EBTR3_ON_7L                      000000F7
_EBTRB_OFF_7H                     000000FF
_EBTRB_ON_7H                      000000BF
_FCMEN_OFF_1H                     000000BF
_FCMEN_ON_1H                      000000FF
_IDLOC0                           00200000
_IDLOC1                           00200001
_IDLOC2                           00200002
_IDLOC3                           00200003
_IDLOC4                           00200004
_IDLOC5                           00200005
_IDLOC6                           00200006
_IDLOC7                           00200007
_IESO_OFF_1H                      0000007F
_IESO_ON_1H                       000000FF
_LPT1OSC_OFF_3H                   000000FB
_LPT1OSC_ON_3H                    000000FF
_LVP_OFF_4L                       000000FB
_LVP_ON_4L                        000000FF
_MCLRE_OFF_3H                     0000007F
_MCLRE_ON_3H                      000000FF
_OSC_ECIO6_1H                     000000F5
_OSC_EC_1H                        000000F4
_OSC_HSPLL_1H                     000000F6
_OSC_HS_1H                        000000F2
_OSC_INTIO67_1H                   000000F8
_OSC_INTIO7_1H                    000000F9
_OSC_LP_1H                        000000F0
_OSC_RCIO6_1H                     000000F7
_OSC_RC_1H                        000000F3
_OSC_XT_1H                        000000F1
_PBADEN_OFF_3H                    000000FD
_PBADEN_ON_3H                     000000FF
_PWRT_OFF_2L                      000000FF
_PWRT_ON_2L                       000000FE
_STVREN_OFF_4L                    000000FE
_STVREN_ON_4L                     000000FF
_WDTPS_1024_2H                    000000F5
_WDTPS_128_2H                     000000EF
_WDTPS_16384_2H                   000000FD
_WDTPS_16_2H                      000000E9
_WDTPS_1_2H                       000000E1
MPASM 5.73                      DALB1234.ASM   4-15-2019  11:16:57         PAGE 18


SYMBOL TABLE
  LABEL                             VALUE 

_WDTPS_2048_2H                    000000F7
_WDTPS_256_2H                     000000F1
_WDTPS_2_2H                       000000E3
_WDTPS_32768_2H                   000000FF
_WDTPS_32_2H                      000000EB
_WDTPS_4096_2H                    000000F9
_WDTPS_4_2H                       000000E5
_WDTPS_512_2H                     000000F3
_WDTPS_64_2H                      000000ED
_WDTPS_8192_2H                    000000FB
_WDTPS_8_2H                       000000E7
_WDT_OFF_2H                       000000FE
_WDT_ON_2H                        000000FF
_WRT0_OFF_6L                      000000FF
_WRT0_ON_6L                       000000FE
_WRT1_OFF_6L                      000000FF
_WRT1_ON_6L                       000000FD
_WRT2_OFF_6L                      000000FF
_WRT2_ON_6L                       000000FB
_WRT3_OFF_6L                      000000FF
_WRT3_ON_6L                       000000F7
_WRTB_OFF_6H                      000000FF
_WRTB_ON_6H                       000000BF
_WRTC_OFF_6H                      000000FF
_WRTC_ON_6H                       000000DF
_WRTD_OFF_6H                      000000FF
_WRTD_ON_6H                       0000007F
_XINST_OFF_4L                     000000BF
_XINST_ON_4L                      000000FF
__18F4520                         00000001

Errors   :     0
Warnings :     0 reported,     0 suppressed
Messages :     0 reported,     0 suppressed

